
> student-attendance-dashboard@0.1.0 start
> react-scripts start

(node:6825) [DEP_WEBPACK_DEV_SERVER_ON_AFTER_SETUP_MIDDLEWARE] DeprecationWarning: 'onAfterSetupMiddleware' option is deprecated. Please use the 'setupMiddlewares' option.
(Use `node --trace-deprecation ...` to show where the warning was created)
(node:6825) [DEP_WEBPACK_DEV_SERVER_ON_BEFORE_SETUP_MIDDLEWARE] DeprecationWarning: 'onBeforeSetupMiddleware' option is deprecated. Please use the 'setupMiddlewares' option.
Starting the development server...

Compiled with warnings.

[eslint] 
src/components/Dashboard.js
  Line 2:16:  'History' is defined but never used   no-unused-vars
  Line 2:45:  'Calendar' is defined but never used  no-unused-vars
  Line 2:66:  'Settings' is defined but never used  no-unused-vars

Search for the keywords to learn more about each warning.
To ignore, add // eslint-disable-next-line to the line before.

WARNING in [eslint] 
src/components/Dashboard.js
  Line 2:16:  'History' is defined but never used   no-unused-vars
  Line 2:45:  'Calendar' is defined but never used  no-unused-vars
  Line 2:66:  'Settings' is defined but never used  no-unused-vars

webpack compiled with 1 warning
